19:11:40.373 [main                     ] DEBUG GameApplication      - Logger initialized
19:11:40.404 [main                     ] DEBUG GameApplication      - Logging settings
Title: The Bio Tech Game
Version: 0.1
Width: 1920
Height: 1080
Fullscreen: true
Intro: false
Menus: true
Profiling: false
Single step:false
App Mode: DEVELOPER
Menu Key: ESCAPE
Stage Style: DECORATED
Scene Factory: class fxglgames.BioTechApp$1
Dialog Factory: class com.almasb.fxgl.ui.FXGLDialogFactory
UI Factory: class com.almasb.fxgl.ui.FXGLUIFactory

19:11:40.828 [JavaFX Application Thread] DEBUG Engine               - Initializing FXGL
19:11:40.828 [JavaFX Application Thread] INFO  Engine               - FXGL-11.6 (17.11.2019 13.16) on WINDOWS (J:12.0.2 FX:12.0.1)
19:11:40.829 [JavaFX Application Thread] INFO  Engine               - Source code and latest versions at: https://github.com/AlmasB/FXGL
19:11:40.829 [JavaFX Application Thread] INFO  Engine               -              Join the FXGL chat at: https://gitter.im/AlmasB/FXGL
19:11:40.829 [JavaFX Application Thread] DEBUG Engine               - Initializing environment variables
19:11:40.831 [JavaFX Application Thread] DEBUG Engine               - Logging environment variables
19:11:40.831 [JavaFX Application Thread] DEBUG Engine               - achievements: []
19:11:40.831 [JavaFX Application Thread] DEBUG Engine               - sceneStack: com.almasb.fxgl.app.Engine@44e7c666
19:11:40.831 [JavaFX Application Thread] DEBUG Engine               - language: ObjectProperty [value: ENGLISH]
19:11:40.832 [JavaFX Application Thread] DEBUG Engine               - isCloseConfirmation: false
19:11:40.832 [JavaFX Application Thread] DEBUG Engine               - isProfilingEnabled: false
19:11:40.832 [JavaFX Application Thread] DEBUG Engine               - soundNotification: core/notification.wav
19:11:40.832 [JavaFX Application Thread] DEBUG Engine               - devShowBBoxProperty: BooleanProperty [value: false]
19:11:40.833 [JavaFX Application Thread] DEBUG Engine               - pixelsPerMeter: 50.0
19:11:40.834 [JavaFX Application Thread] DEBUG Engine               - overlayRoot: Group@53649a6f
19:11:40.834 [JavaFX Application Thread] DEBUG Engine               - appIcon: fxgl_icon.png
19:11:40.834 [JavaFX Application Thread] DEBUG Engine               - soundMenuBack: menu/back.wav
19:11:40.834 [JavaFX Application Thread] DEBUG Engine               - isFullScreenAllowed: true
19:11:40.835 [JavaFX Application Thread] DEBUG Engine               - isIntroEnabled: false
19:11:40.836 [JavaFX Application Thread] DEBUG Engine               - eventBus: com.almasb.fxgl.event.EventBus@67211458
19:11:40.836 [JavaFX Application Thread] DEBUG Engine               - fontMono: lucida_console.ttf
19:11:40.836 [JavaFX Application Thread] DEBUG Engine               - soundMenuSelect: menu/select.wav
19:11:40.836 [JavaFX Application Thread] DEBUG Engine               - isWindows: true
19:11:40.836 [JavaFX Application Thread] DEBUG Engine               - isMobile: false
19:11:40.836 [JavaFX Application Thread] DEBUG Engine               - height: 1080
19:11:40.836 [JavaFX Application Thread] DEBUG Engine               - isExperimentalNative: false
19:11:40.836 [JavaFX Application Thread] DEBUG Engine               - isSingleStep: false
19:11:40.837 [JavaFX Application Thread] DEBUG Engine               - cSSList: [fxgl_dark.css]
19:11:40.837 [JavaFX Application Thread] DEBUG Engine               - fontGame: Abel-Regular.ttf
19:11:40.837 [JavaFX Application Thread] DEBUG Engine               - menuKey: ESCAPE
19:11:40.837 [JavaFX Application Thread] DEBUG Engine               - devShowPositionProperty: BooleanProperty [value: false]
19:11:40.837 [JavaFX Application Thread] DEBUG Engine               - versionCheckDays: 7
19:11:40.838 [JavaFX Application Thread] DEBUG Engine               - masterTimer: com.almasb.fxgl.time.Timer@1d0f2a2c
19:11:40.838 [JavaFX Application Thread] DEBUG Engine               - configClass: Optional.empty
19:11:40.838 [JavaFX Application Thread] DEBUG Engine               - isFullScreenFromStart: false
19:11:40.838 [JavaFX Application Thread] DEBUG Engine               - version: 0.1
19:11:40.838 [JavaFX Application Thread] DEBUG Engine               - fullScreen: BooleanProperty [value: false]
19:11:40.838 [JavaFX Application Thread] DEBUG Engine               - dialogFactory: com.almasb.fxgl.ui.FXGLDialogFactory@5c04a33c
19:11:40.839 [JavaFX Application Thread] DEBUG Engine               - applicationMode: DEVELOPER
19:11:40.839 [JavaFX Application Thread] DEBUG Engine               - isMac: false
19:11:40.839 [JavaFX Application Thread] DEBUG Engine               - urlGoogleForms: https://goo.gl/forms/6wrMnOBxTE1fEpOy2
19:11:40.839 [JavaFX Application Thread] DEBUG Engine               - isMenuEnabled: true
19:11:40.839 [JavaFX Application Thread] DEBUG Engine               - urlPOM: https://raw.githubusercontent.com/AlmasB/FXGL/master/pom.xml
19:11:40.839 [JavaFX Application Thread] DEBUG Engine               - profileName: user.profile
19:11:40.839 [JavaFX Application Thread] DEBUG Engine               - notificationViewClass: class com.almasb.fxgl.notification.view.XboxNotificationView
19:11:40.839 [JavaFX Application Thread] DEBUG Engine               - devSensorColorProperty: ObjectProperty [value: 0xffff00ff]
19:11:40.840 [JavaFX Application Thread] DEBUG Engine               - sceneFactory: fxglgames.BioTechApp$1@2bc4ed31
19:11:40.840 [JavaFX Application Thread] DEBUG Engine               - dataFileExt: .dat
19:11:40.840 [JavaFX Application Thread] DEBUG Engine               - stageStyle: DECORATED
19:11:40.840 [JavaFX Application Thread] DEBUG Engine               - isManualResizeEnabled: false
19:11:40.841 [JavaFX Application Thread] DEBUG Engine               - title: The Bio Tech Game
19:11:40.841 [JavaFX Application Thread] DEBUG Engine               - platform: WINDOWS
19:11:40.841 [JavaFX Application Thread] DEBUG Engine               - devBBoxColorProperty: ObjectProperty [value: 0xff0000ff]
19:11:40.841 [JavaFX Application Thread] DEBUG Engine               - isDesktop: true
19:11:40.841 [JavaFX Application Thread] DEBUG Engine               - credits: []
19:11:40.841 [JavaFX Application Thread] DEBUG Engine               - globalMusicVolumeProperty: DoubleProperty [value: 0.5]
19:11:40.841 [JavaFX Application Thread] DEBUG Engine               - isPreserveResizeRatio: false
19:11:40.841 [JavaFX Application Thread] DEBUG Engine               - uIFactory: com.almasb.fxgl.ui.FXGLUIFactory@44a8afc5
19:11:40.842 [JavaFX Application Thread] DEBUG Engine               - fontText: Courier-Prime.ttf
19:11:40.842 [JavaFX Application Thread] DEBUG Engine               - isExperimentalTiledLargeMap: false
19:11:40.842 [JavaFX Application Thread] DEBUG Engine               - secondsIn24h: 60
19:11:40.842 [JavaFX Application Thread] DEBUG Engine               - runtimeInfo: RuntimeInfo(platform=WINDOWS, version=11.6, build=17.11.2019 13.16)
19:11:40.842 [JavaFX Application Thread] DEBUG Engine               - isLinux: false
19:11:40.842 [JavaFX Application Thread] DEBUG Engine               - soundMenuPress: menu/press.wav
19:11:40.842 [JavaFX Application Thread] DEBUG Engine               - urlGithub: https://github.com/AlmasB/FXGL
19:11:40.842 [JavaFX Application Thread] DEBUG Engine               - profileDir: profiles/
19:11:40.842 [JavaFX Application Thread] DEBUG Engine               - isDeveloperMenuEnabled: false
19:11:40.843 [JavaFX Application Thread] DEBUG Engine               - globalSoundVolumeProperty: DoubleProperty [value: 0.5]
19:11:40.843 [JavaFX Application Thread] DEBUG Engine               - isBrowser: false
19:11:40.843 [JavaFX Application Thread] DEBUG Engine               - globalSoundVolume: 0.5
19:11:40.843 [JavaFX Application Thread] DEBUG Engine               - urlLeaderboard: http://fxgl-top.herokuapp.com/
19:11:40.843 [JavaFX Application Thread] DEBUG Engine               - saveDir: saves/
19:11:40.843 [JavaFX Application Thread] DEBUG Engine               - engineServices: [class com.almasb.fxgl.audio.AudioPlayer, class com.almasb.fxgl.notification.impl.NotificationServiceProvider, class com.almasb.fxgl.achievement.AchievementManager, class com.almasb.fxgl.cutscene.CutsceneService, class com.almasb.fxgl.minigames.MiniGameService]
19:11:40.843 [JavaFX Application Thread] DEBUG Engine               - globalMusicVolume: 0.5
19:11:40.843 [JavaFX Application Thread] DEBUG Engine               - width: 1920
19:11:40.843 [JavaFX Application Thread] DEBUG Engine               - saveFileExt: .sav
19:11:40.844 [JavaFX Application Thread] DEBUG Engine               - isAndroid: false
19:11:40.844 [JavaFX Application Thread] DEBUG Engine               - fontUI: VarelaRound-Regular.ttf
19:11:40.844 [JavaFX Application Thread] DEBUG Engine               - enabledMenuItems: []
19:11:40.844 [JavaFX Application Thread] DEBUG Engine               - isIOS: false
19:11:40.846 [JavaFX Application Thread] DEBUG Engine               - Adding new engine service: class com.almasb.fxgl.audio.AudioPlayer
19:11:40.847 [JavaFX Application Thread] DEBUG Engine               - Adding new engine service: class com.almasb.fxgl.notification.impl.NotificationServiceProvider
19:11:40.847 [JavaFX Application Thread] DEBUG Engine               - Adding new engine service: class com.almasb.fxgl.achievement.AchievementManager
19:11:40.848 [JavaFX Application Thread] DEBUG Engine               - Adding new engine service: class com.almasb.fxgl.cutscene.CutsceneService
19:11:40.848 [JavaFX Application Thread] DEBUG Engine               - Adding new engine service: class com.almasb.fxgl.minigames.MiniGameService
19:11:40.851 [JavaFX Application Thread] DEBUG Engine               - Loading localizations
19:11:40.853 [JavaFX Application Thread] DEBUG AssetLoader          - Loading from file system: /assets/properties/languages/english.properties
19:11:40.855 [JavaFX Application Thread] DEBUG AssetLoader          - Loading from file system: /assets/properties/languages/french.properties
19:11:40.857 [JavaFX Application Thread] DEBUG AssetLoader          - Loading from file system: /assets/properties/languages/german.properties
19:11:40.858 [JavaFX Application Thread] DEBUG AssetLoader          - Loading from file system: /assets/properties/languages/russian.properties
19:11:40.859 [JavaFX Application Thread] DEBUG AssetLoader          - Loading from file system: /assets/properties/languages/hungarian.properties
19:11:40.861 [JavaFX Application Thread] DEBUG Engine               - Registering font factories
19:11:40.862 [JavaFX Application Thread] DEBUG AssetLoader          - Loading from file system: /assets/ui/fonts/VarelaRound-Regular.ttf
19:11:41.002 [JavaFX Application Thread] DEBUG AssetLoader          - Loading from file system: /assets/ui/fonts/Abel-Regular.ttf
19:11:41.008 [JavaFX Application Thread] DEBUG AssetLoader          - Loading from file system: /assets/ui/fonts/lucida_console.ttf
19:11:41.012 [JavaFX Application Thread] DEBUG AssetLoader          - Loading from file system: /assets/ui/fonts/Courier-Prime.ttf
19:11:41.017 [JavaFX Application Thread] DEBUG Engine               - Setting UI factory
19:11:41.109 [JavaFX Application Thread] DEBUG AssetLoader          - Loading from file system: /assets/textures/fxgl_logo.png
19:11:41.177 [JavaFX Application Thread] DEBUG MainWindow           - Creating a JavaFX scene
19:11:41.214 [JavaFX Application Thread] DEBUG MainWindow           - Target settings size: 1920.0 x 1080.0
19:11:41.214 [JavaFX Application Thread] DEBUG MainWindow           - Scaled scene size:    1920.0 x 1080.0
19:11:41.214 [JavaFX Application Thread] DEBUG MainWindow           - Scaled ratio: (1.0, 1.0)
19:11:41.216 [JavaFX Application Thread] DEBUG MainWindow           - Set initial scene to FXGLStartupScene
19:11:41.223 [JavaFX Application Thread] DEBUG AssetLoader          - Loading from file system: /assets/textures/fxgl_icon.png
19:11:41.233 [JavaFX Application Thread] DEBUG Engine               - Applying CSS: fxgl_dark.css
19:11:41.234 [JavaFX Application Thread] DEBUG AssetLoader          - Loading from file system: /assets/ui/css/fxgl_dark.css
19:11:41.236 [JavaFX Application Thread] DEBUG AssetLoader          - Loading from file system: /assets/ui/cursors/fxgl_default.png
19:11:41.240 [JavaFX Application Thread] DEBUG MainWindow           - Opening main window
19:11:41.385 [JavaFX Application Thread] DEBUG MainWindow           - Window border size: (16.0, 39.0)
19:11:41.385 [JavaFX Application Thread] DEBUG MainWindow           - Scaled size: 1920.0 x 1080.0
19:11:41.385 [JavaFX Application Thread] DEBUG MainWindow           - Scaled ratio: (1.0, 1.0)
19:11:41.385 [JavaFX Application Thread] DEBUG MainWindow           - Scene size: 1920.0 x 1080.0
19:11:41.385 [JavaFX Application Thread] DEBUG MainWindow           - Stage size: 1936.0 x 1119.0
19:11:41.426 [FXGL Background Thread 1 ] DEBUG FS                   - Loaded FSServiceImpl
19:11:41.426 [FXGL Background Thread 1 ] DEBUG Engine               - Loading FXGL system data
19:11:41.431 [FXGL Background Thread 1 ] DEBUG FSServiceImpl        - Reading from: D:\_Projekty\Java\TheGame\BioTechGame\system\fxgl.bundle
19:11:41.438 [FXGL Background Thread 1 ] DEBUG Engine               - Bundle FXGL: {}
19:11:41.438 [FXGL Background Thread 1 ] DEBUG Engine               - Initializing application scenes
19:11:41.474 [FXGL Background Thread 1 ] DEBUG GameWorld            - Game world initialized
19:11:41.518 [FXGL Background Thread 1 ] DEBUG PhysicsWorld         - Physics world initialized: appHeight=1080, physics.ppm=50,0
19:11:41.520 [FXGL Background Thread 1 ] DEBUG GameScene            - Game scene initialized: 1920x1080
19:11:41.550 [FXGL Background Thread 1 ] DEBUG Engine               - Application scenes initialized
19:11:41.552 [JavaFX Application Thread] DEBUG Engine               - Running preInit()
19:11:41.559 [JavaFX Application Thread] DEBUG Input                - Registered new binding: Left - A
19:11:41.560 [JavaFX Application Thread] DEBUG Input                - Registered new binding: Right - D
19:11:41.560 [JavaFX Application Thread] DEBUG Input                - Registered new binding: Up - W
19:11:41.560 [JavaFX Application Thread] DEBUG Input                - Registered new binding: Down - S
19:11:41.561 [JavaFX Application Thread] DEBUG Input                - Registered new binding: BasicAttack - LMB
19:11:41.561 [JavaFX Application Thread] DEBUG Input                - Registered new binding: ResetAttack - RMB
19:11:41.562 [JavaFX Application Thread] DEBUG Input                - Registered new binding: Screenshot - P
19:11:41.562 [JavaFX Application Thread] DEBUG Input                - Registered new binding: System info dump - CTRL+9
19:11:41.562 [JavaFX Application Thread] DEBUG Input                - Registered new binding: Restart - CTRL+R
19:11:41.562 [JavaFX Application Thread] DEBUG Engine               - generateDefaultProfile()
19:11:41.562 [JavaFX Application Thread] DEBUG Engine               - Creating default profile
19:11:41.563 [JavaFX Application Thread] DEBUG EventBus             - Firing event: SaveEvent
19:11:41.572 [JavaFX Application Thread] INFO  Engine               - FXGL initialization took: 0,721 sec
19:11:41.572 [JavaFX Application Thread] DEBUG LoopRunner           - Starting loop
19:11:41.578 [JavaFX Application Thread] DEBUG FXGLStartupScene     - STARTUP
19:11:41.581 [JavaFX Application Thread] DEBUG Input                - Clearing active input actions
19:11:41.591 [JavaFX Application Thread] DEBUG Engine               - Removing overlay from FXGLStartupScene and adding to MainMenu
19:11:41.592 [JavaFX Application Thread] DEBUG MainWindow           - FXGLStartupScene -> MainMenu
19:11:43.079 [JavaFX Application Thread] DEBUG Menu                 - fireNewGame()
19:11:43.079 [JavaFX Application Thread] DEBUG Engine               - Starting new game
19:11:43.084 [JavaFX Application Thread] DEBUG Input                - Clearing active input actions
19:11:43.084 [FXGL Background Thread 1 ] DEBUG InitAppTask          - Clearing previous game
19:11:43.084 [FXGL Background Thread 1 ] DEBUG GameWorld            - Clearing game world
19:11:43.084 [FXGL Background Thread 1 ] DEBUG PhysicsWorld         - Clearing physics world
19:11:43.084 [FXGL Background Thread 1 ] DEBUG GameScene            - Clearing game scene
19:11:43.084 [FXGL Background Thread 1 ] DEBUG InitAppTask          - Initializing Game
19:11:43.096 [JavaFX Application Thread] DEBUG Engine               - Removing overlay from MainMenu and adding to LoadingScene
19:11:43.096 [JavaFX Application Thread] DEBUG MainWindow           - MainMenu -> LoadingScene
19:11:43.099 [FXGL Background Thread 1 ] DEBUG AssetLoader          - Loading from file system: /assets/levels/tmx/TestTileddwa.tmx
19:11:43.120 [FXGL Background Thread 1 ] WARN  TMXLevelLoader       - TiledMap generated from 1.3.1. Supported version: 1.2.3. Some features may not be parsed fully.
19:11:43.156 [FXGL Background Thread 1 ] DEBUG TMXLevelLoader       - Parsed raw map: TiledMap(width=180, height=180, tilewidth=32, tileheight=32, orientation=orthogonal, layers=[Layer(width=0, height=0, name=Warstwa Obiektow, type=objectgroup, visible=false, x=0, y=0, data=[], objects=[com.almasb.fxgl.entity.level.tiled.TiledObject@3d88c73a, com.almasb.fxgl.entity.level.tiled.TiledObject@48090aa0, com.almasb.fxgl.entity.level.tiled.TiledObject@56c33538, com.almasb.fxgl.entity.level.tiled.TiledObject@7c9a68b7, com.almasb.fxgl.entity.level.tiled.TiledObject@750d109, com.almasb.fxgl.entity.level.tiled.TiledObject@70c9749, com.almasb.fxgl.entity.level.tiled.TiledObject@48a91865, com.almasb.fxgl.entity.level.tiled.TiledObject@67591e17, com.almasb.fxgl.entity.level.tiled.TiledObject@6680536c, com.almasb.fxgl.entity.level.tiled.TiledObject@5d5362a, com.almasb.fxgl.entity.level.tiled.TiledObject@5bf7cc5, com.almasb.fxgl.entity.level.tiled.TiledObject@2ab963c3, com.almasb.fxgl.entity.level.tiled.TiledObject@4ec64ecb, com.almasb.fxgl.entity.level.tiled.TiledObject@628e455f, com.almasb.fxgl.entity.level.tiled.TiledObject@1ca9449f, com.almasb.fxgl.entity.level.tiled.TiledObject@7def9bb2, com.almasb.fxgl.entity.level.tiled.TiledObject@12322d2, com.almasb.fxgl.entity.level.tiled.TiledObject@11972b14, com.almasb.fxgl.entity.level.tiled.TiledObject@474c0805, com.almasb.fxgl.entity.level.tiled.TiledObject@46ff2955, com.almasb.fxgl.entity.level.tiled.TiledObject@5e52a6ea, com.almasb.fxgl.entity.level.tiled.TiledObject@76b5f9bf, com.almasb.fxgl.entity.level.tiled.TiledObject@511ecb4c, com.almasb.fxgl.entity.level.tiled.TiledObject@6e14f5bb, com.almasb.fxgl.entity.level.tiled.TiledObject@253a7b65, com.almasb.fxgl.entity.level.tiled.TiledObject@7c1b167c, com.almasb.fxgl.entity.level.tiled.TiledObject@5bf8e618, com.almasb.fxgl.entity.level.tiled.TiledObject@120879f1, com.almasb.fxgl.entity.level.tiled.TiledObject@649fc986, com.almasb.fxgl.entity.level.tiled.TiledObject@40139b9f, com.almasb.fxgl.entity.level.tiled.TiledObject@5c477da3, com.almasb.fxgl.entity.level.tiled.TiledObject@dd1502b, com.almasb.fxgl.entity.level.tiled.TiledObject@17986bee, com.almasb.fxgl.entity.level.tiled.TiledObject@4b8bc5e1, com.almasb.fxgl.entity.level.tiled.TiledObject@2cc61356, com.almasb.fxgl.entity.level.tiled.TiledObject@2b914eed, com.almasb.fxgl.entity.level.tiled.TiledObject@7f82976a, com.almasb.fxgl.entity.level.tiled.TiledObject@6ab3e1b6, com.almasb.fxgl.entity.level.tiled.TiledObject@76f31315, com.almasb.fxgl.entity.level.tiled.TiledObject@57b4dd00, com.almasb.fxgl.entity.level.tiled.TiledObject@3c66395b, com.almasb.fxgl.entity.level.tiled.TiledObject@492dd130, com.almasb.fxgl.entity.level.tiled.TiledObject@27a818bb, com.almasb.fxgl.entity.level.tiled.TiledObject@56859d93, com.almasb.fxgl.entity.level.tiled.TiledObject@5b24daf9, com.almasb.fxgl.entity.level.tiled.TiledObject@7c2724fc, com.almasb.fxgl.entity.level.tiled.TiledObject@1b2d9603, com.almasb.fxgl.entity.level.tiled.TiledObject@613ee9f0, com.almasb.fxgl.entity.level.tiled.TiledObject@1cb0143c, com.almasb.fxgl.entity.level.tiled.TiledObject@5975c392, com.almasb.fxgl.entity.level.tiled.TiledObject@2e1fdb31, com.almasb.fxgl.entity.level.tiled.TiledObject@3878d66b, com.almasb.fxgl.entity.level.tiled.TiledObject@247524ac, com.almasb.fxgl.entity.level.tiled.TiledObject@53eb0ae3, com.almasb.fxgl.entity.level.tiled.TiledObject@37d95fc, com.almasb.fxgl.entity.level.tiled.TiledObject@7dc8d076, com.almasb.fxgl.entity.level.tiled.TiledObject@7095cb27, com.almasb.fxgl.entity.level.tiled.TiledObject@7b226bc4, com.almasb.fxgl.entity.level.tiled.TiledObject@141fc329, com.almasb.fxgl.entity.level.tiled.TiledObject@2f6ffabc, com.almasb.fxgl.entity.level.tiled.TiledObject@717dd085, com.almasb.fxgl.entity.level.tiled.TiledObject@1969e925, com.almasb.fxgl.entity.level.tiled.TiledObject@730567aa, com.almasb.fxgl.entity.level.tiled.TiledObject@236fc96c, com.almasb.fxgl.entity.level.tiled.TiledObject@3c09dc7c, com.almasb.fxgl.entity.level.tiled.TiledObject@6a7f3a19, com.almasb.fxgl.entity.level.tiled.TiledObject@321f38cb, com.almasb.fxgl.entity.level.tiled.TiledObject@6fe6b34d, com.almasb.fxgl.entity.level.tiled.TiledObject@1d7e78f1, com.almasb.fxgl.entity.level.tiled.TiledObject@e4236b5, com.almasb.fxgl.entity.level.tiled.TiledObject@45508ed6, com.almasb.fxgl.entity.level.tiled.TiledObject@1ff631ea, com.almasb.fxgl.entity.level.tiled.TiledObject@71217b15, com.almasb.fxgl.entity.level.tiled.TiledObject@6ec91c1a, com.almasb.fxgl.entity.level.tiled.TiledObject@2fae092b, com.almasb.fxgl.entity.level.tiled.TiledObject@1791455, com.almasb.fxgl.entity.level.tiled.TiledObject@7bfa2ebc, com.almasb.fxgl.entity.level.tiled.TiledObject@5df5d415, com.almasb.fxgl.entity.level.tiled.TiledObject@24d79d1, com.almasb.fxgl.entity.level.tiled.TiledObject@4bdf0e71, com.almasb.fxgl.entity.level.tiled.TiledObject@617a5678, com.almasb.fxgl.entity.level.tiled.TiledObject@125c633e, com.almasb.fxgl.entity.level.tiled.TiledObject@7b360355, com.almasb.fxgl.entity.level.tiled.TiledObject@48a926c4, com.almasb.fxgl.entity.level.tiled.TiledObject@7b53703f, com.almasb.fxgl.entity.level.tiled.TiledObject@a67a9f8, com.almasb.fxgl.entity.level.tiled.TiledObject@41802f4a, com.almasb.fxgl.entity.level.tiled.TiledObject@401eaeb8, com.almasb.fxgl.entity.level.tiled.TiledObject@202cec0c, com.almasb.fxgl.entity.level.tiled.TiledObject@1733a998, com.almasb.fxgl.entity.level.tiled.TiledObject@57092e4b, com.almasb.fxgl.entity.level.tiled.TiledObject@6257317c, com.almasb.fxgl.entity.level.tiled.TiledObject@255cedb6, com.almasb.fxgl.entity.level.tiled.TiledObject@2fa9efec, com.almasb.fxgl.entity.level.tiled.TiledObject@314ce724, com.almasb.fxgl.entity.level.tiled.TiledObject@6acbfca0, com.almasb.fxgl.entity.level.tiled.TiledObject@28b88d12, com.almasb.fxgl.entity.level.tiled.TiledObject@480ec166, com.almasb.fxgl.entity.level.tiled.TiledObject@1ead6a84, com.almasb.fxgl.entity.level.tiled.TiledObject@2b36bb0d, com.almasb.fxgl.entity.level.tiled.TiledObject@478a6364, com.almasb.fxgl.entity.level.tiled.TiledObject@79318f02, com.almasb.fxgl.entity.level.tiled.TiledObject@cbd33ea, com.almasb.fxgl.entity.level.tiled.TiledObject@124d0fa3, com.almasb.fxgl.entity.level.tiled.TiledObject@648dfcd, com.almasb.fxgl.entity.level.tiled.TiledObject@73f41999, com.almasb.fxgl.entity.level.tiled.TiledObject@1633566e, com.almasb.fxgl.entity.level.tiled.TiledObject@6c79631c, com.almasb.fxgl.entity.level.tiled.TiledObject@2c0f7fe9, com.almasb.fxgl.entity.level.tiled.TiledObject@7fe49320, com.almasb.fxgl.entity.level.tiled.TiledObject@73682a94, com.almasb.fxgl.entity.level.tiled.TiledObject@542ed666, com.almasb.fxgl.entity.level.tiled.TiledObject@3890b3d, com.almasb.fxgl.entity.level.tiled.TiledObject@582ff5ff, com.almasb.fxgl.entity.level.tiled.TiledObject@6aa148e4, com.almasb.fxgl.entity.level.tiled.TiledObject@489e2e30, com.almasb.fxgl.entity.level.tiled.TiledObject@38514fd, com.almasb.fxgl.entity.level.tiled.TiledObject@2422897f, com.almasb.fxgl.entity.level.tiled.TiledObject@44241377, com.almasb.fxgl.entity.level.tiled.TiledObject@7d725a6d, com.almasb.fxgl.entity.level.tiled.TiledObject@56fb9bc2, com.almasb.fxgl.entity.level.tiled.TiledObject@66228913, com.almasb.fxgl.entity.level.tiled.TiledObject@2f9810b, com.almasb.fxgl.entity.level.tiled.TiledObject@6d37020b, com.almasb.fxgl.entity.level.tiled.TiledObject@6798b1e4, com.almasb.fxgl.entity.level.tiled.TiledObject@1500c615, com.almasb.fxgl.entity.level.tiled.TiledObject@5bbffc67, com.almasb.fxgl.entity.level.tiled.TiledObject@ecd9a41, com.almasb.fxgl.entity.level.tiled.TiledObject@2c780ded, com.almasb.fxgl.entity.level.tiled.TiledObject@3fdb5619, com.almasb.fxgl.entity.level.tiled.TiledObject@1ba3d941, com.almasb.fxgl.entity.level.tiled.TiledObject@795e47e6, com.almasb.fxgl.entity.level.tiled.TiledObject@15a53a45, com.almasb.fxgl.entity.level.tiled.TiledObject@70abdd76, com.almasb.fxgl.entity.level.tiled.TiledObject@75477bf3, com.almasb.fxgl.entity.level.tiled.TiledObject@7ead63ca, com.almasb.fxgl.entity.level.tiled.TiledObject@42661948, com.almasb.fxgl.entity.level.tiled.TiledObject@6c883c1f, com.almasb.fxgl.entity.level.tiled.TiledObject@225e5a9e, com.almasb.fxgl.entity.level.tiled.TiledObject@3778ce2c, com.almasb.fxgl.entity.level.tiled.TiledObject@45a63dd2, com.almasb.fxgl.entity.level.tiled.TiledObject@686399bd, com.almasb.fxgl.entity.level.tiled.TiledObject@38b9a485, com.almasb.fxgl.entity.level.tiled.TiledObject@49411410, com.almasb.fxgl.entity.level.tiled.TiledObject@3d7df847, com.almasb.fxgl.entity.level.tiled.TiledObject@49272024, com.almasb.fxgl.entity.level.tiled.TiledObject@3ccf2809, com.almasb.fxgl.entity.level.tiled.TiledObject@7d6f4a14, com.almasb.fxgl.entity.level.tiled.TiledObject@2f022a3e, com.almasb.fxgl.entity.level.tiled.TiledObject@5fd409fa, com.almasb.fxgl.entity.level.tiled.TiledObject@1a9efd69, com.almasb.fxgl.entity.level.tiled.TiledObject@1d262bc4, com.almasb.fxgl.entity.level.tiled.TiledObject@234bb184, com.almasb.fxgl.entity.level.tiled.TiledObject@5cafe7ce, com.almasb.fxgl.entity.level.tiled.TiledObject@31373c87, com.almasb.fxgl.entity.level.tiled.TiledObject@1de3496e, com.almasb.fxgl.entity.level.tiled.TiledObject@63da0cc7, com.almasb.fxgl.entity.level.tiled.TiledObject@40e806e5, com.almasb.fxgl.entity.level.tiled.TiledObject@48b3c97b, com.almasb.fxgl.entity.level.tiled.TiledObject@4f9c513a, com.almasb.fxgl.entity.level.tiled.TiledObject@7c93c03a, com.almasb.fxgl.entity.level.tiled.TiledObject@7ccc3e63, com.almasb.fxgl.entity.level.tiled.TiledObject@2ae2c890, com.almasb.fxgl.entity.level.tiled.TiledObject@7da5977, com.almasb.fxgl.entity.level.tiled.TiledObject@65aadba6, com.almasb.fxgl.entity.level.tiled.TiledObject@7808de56, com.almasb.fxgl.entity.level.tiled.TiledObject@44923f8f, com.almasb.fxgl.entity.level.tiled.TiledObject@1156c78b, com.almasb.fxgl.entity.level.tiled.TiledObject@229249ec, com.almasb.fxgl.entity.level.tiled.TiledObject@1c56d986, com.almasb.fxgl.entity.level.tiled.TiledObject@49edf3c4, com.almasb.fxgl.entity.level.tiled.TiledObject@6ea01fed, com.almasb.fxgl.entity.level.tiled.TiledObject@5ecdf6fc, com.almasb.fxgl.entity.level.tiled.TiledObject@74fd8e4a, com.almasb.fxgl.entity.level.tiled.TiledObject@522830c2, com.almasb.fxgl.entity.level.tiled.TiledObject@3c99121d, com.almasb.fxgl.entity.level.tiled.TiledObject@dd26964, com.almasb.fxgl.entity.level.tiled.TiledObject@1545294a, com.almasb.fxgl.entity.level.tiled.TiledObject@6f8b500, com.almasb.fxgl.entity.level.tiled.TiledObject@72855638, com.almasb.fxgl.entity.level.tiled.TiledObject@6c029845, com.almasb.fxgl.entity.level.tiled.TiledObject@50b1f3f6, com.almasb.fxgl.entity.level.tiled.TiledObject@13a21c55, com.almasb.fxgl.entity.level.tiled.TiledObject@4b4ebc8f, com.almasb.fxgl.entity.level.tiled.TiledObject@3376d513, com.almasb.fxgl.entity.level.tiled.TiledObject@6c87bec8, com.almasb.fxgl.entity.level.tiled.TiledObject@6fc457b9, com.almasb.fxgl.entity.level.tiled.TiledObject@51d0240a, com.almasb.fxgl.entity.level.tiled.TiledObject@548bbd6e, com.almasb.fxgl.entity.level.tiled.TiledObject@52b28c9, com.almasb.fxgl.entity.level.tiled.TiledObject@489fce4a, com.almasb.fxgl.entity.level.tiled.TiledObject@18bf5327, com.almasb.fxgl.entity.level.tiled.TiledObject@1156fd93, com.almasb.fxgl.entity.level.tiled.TiledObject@4d67e210, com.almasb.fxgl.entity.level.tiled.TiledObject@7bbc8868, com.almasb.fxgl.entity.level.tiled.TiledObject@1978da53, com.almasb.fxgl.entity.level.tiled.TiledObject@3fe4068a, com.almasb.fxgl.entity.level.tiled.TiledObject@4d611404, com.almasb.fxgl.entity.level.tiled.TiledObject@52813a08, com.almasb.fxgl.entity.level.tiled.TiledObject@df4c849, com.almasb.fxgl.entity.level.tiled.TiledObject@123b4f2b, com.almasb.fxgl.entity.level.tiled.TiledObject@573fb85c, com.almasb.fxgl.entity.level.tiled.TiledObject@cb589c9, com.almasb.fxgl.entity.level.tiled.TiledObject@27a8be96, com.almasb.fxgl.entity.level.tiled.TiledObject@6f22ff5f, com.almasb.fxgl.entity.level.tiled.TiledObject@45f557bf, com.almasb.fxgl.entity.level.tiled.TiledObject@65ae6509, com.almasb.fxgl.entity.level.tiled.TiledObject@7102b24, com.almasb.fxgl.entity.level.tiled.TiledObject@7fb0f49e, com.almasb.fxgl.entity.level.tiled.TiledObject@10171c78, com.almasb.fxgl.entity.level.tiled.TiledObject@607a55e, com.almasb.fxgl.entity.level.tiled.TiledObject@c8e7b1, com.almasb.fxgl.entity.level.tiled.TiledObject@7824e732, com.almasb.fxgl.entity.level.tiled.TiledObject@50f8c092, com.almasb.fxgl.entity.level.tiled.TiledObject@6beeb286, com.almasb.fxgl.entity.level.tiled.TiledObject@2cdc2525, com.almasb.fxgl.entity.level.tiled.TiledObject@739e5afb, com.almasb.fxgl.entity.level.tiled.TiledObject@65f4e84a, com.almasb.fxgl.entity.level.tiled.TiledObject@7b901cf0, com.almasb.fxgl.entity.level.tiled.TiledObject@3628ebaa, com.almasb.fxgl.entity.level.tiled.TiledObject@37602616, com.almasb.fxgl.entity.level.tiled.TiledObject@75142e08, com.almasb.fxgl.entity.level.tiled.TiledObject@e98dbc6, com.almasb.fxgl.entity.level.tiled.TiledObject@7f9c1404, com.almasb.fxgl.entity.level.tiled.TiledObject@49fadd77, com.almasb.fxgl.entity.level.tiled.TiledObject@1dcade2e, com.almasb.fxgl.entity.level.tiled.TiledObject@554470ba, com.almasb.fxgl.entity.level.tiled.TiledObject@4ae76222, com.almasb.fxgl.entity.level.tiled.TiledObject@55691f6c, com.almasb.fxgl.entity.level.tiled.TiledObject@1e199041, com.almasb.fxgl.entity.level.tiled.TiledObject@682ee298, com.almasb.fxgl.entity.level.tiled.TiledObject@19a96bcd, com.almasb.fxgl.entity.level.tiled.TiledObject@4a685eb, com.almasb.fxgl.entity.level.tiled.TiledObject@566f96a6, com.almasb.fxgl.entity.level.tiled.TiledObject@494a94d1, com.almasb.fxgl.entity.level.tiled.TiledObject@1bef7936, com.almasb.fxgl.entity.level.tiled.TiledObject@2bd63e7d, com.almasb.fxgl.entity.level.tiled.TiledObject@1a64707, com.almasb.fxgl.entity.level.tiled.TiledObject@1cd7a7fe, com.almasb.fxgl.entity.level.tiled.TiledObject@7c114b9b, com.almasb.fxgl.entity.level.tiled.TiledObject@66aea7b2, com.almasb.fxgl.entity.level.tiled.TiledObject@55834a1f, com.almasb.fxgl.entity.level.tiled.TiledObject@74caef06, com.almasb.fxgl.entity.level.tiled.TiledObject@2f13f97, com.almasb.fxgl.entity.level.tiled.TiledObject@11719b4c, com.almasb.fxgl.entity.level.tiled.TiledObject@5e6df8cf, com.almasb.fxgl.entity.level.tiled.TiledObject@7dfc8edb, com.almasb.fxgl.entity.level.tiled.TiledObject@767a1b74, com.almasb.fxgl.entity.level.tiled.TiledObject@6b4c450c, com.almasb.fxgl.entity.level.tiled.TiledObject@5a56732a, com.almasb.fxgl.entity.level.tiled.TiledObject@43c5a4ed, com.almasb.fxgl.entity.level.tiled.TiledObject@65c2b65a, com.almasb.fxgl.entity.level.tiled.TiledObject@6c2febcb, com.almasb.fxgl.entity.level.tiled.TiledObject@5090a47, com.almasb.fxgl.entity.level.tiled.TiledObject@6b8534c7, com.almasb.fxgl.entity.level.tiled.TiledObject@1b053f8b, com.almasb.fxgl.entity.level.tiled.TiledObject@867fe93, com.almasb.fxgl.entity.level.tiled.TiledObject@45f196ea, com.almasb.fxgl.entity.level.tiled.TiledObject@710a19f, com.almasb.fxgl.entity.level.tiled.TiledObject@35db3f91, com.almasb.fxgl.entity.level.tiled.TiledObject@27fccdf, com.almasb.fxgl.entity.level.tiled.TiledObject@4b704cbc, com.almasb.fxgl.entity.level.tiled.TiledObject@49ee0014, com.almasb.fxgl.entity.level.tiled.TiledObject@2525890f, com.almasb.fxgl.entity.level.tiled.TiledObject@59c0a040, com.almasb.fxgl.entity.level.tiled.TiledObject@101c0268, com.almasb.fxgl.entity.level.tiled.TiledObject@294b4edf, com.almasb.fxgl.entity.level.tiled.TiledObject@202fc708, com.almasb.fxgl.entity.level.tiled.TiledObject@7c31b1ed, com.almasb.fxgl.entity.level.tiled.TiledObject@ccef341, com.almasb.fxgl.entity.level.tiled.TiledObject@7f0069b1, com.almasb.fxgl.entity.level.tiled.TiledObject@21c9f6de, com.almasb.fxgl.entity.level.tiled.TiledObject@508685d3, com.almasb.fxgl.entity.level.tiled.TiledObject@2b292079, com.almasb.fxgl.entity.level.tiled.TiledObject@5718994c, com.almasb.fxgl.entity.level.tiled.TiledObject@3989fa77, com.almasb.fxgl.entity.level.tiled.TiledObject@5d454888, com.almasb.fxgl.entity.level.tiled.TiledObject@3f8d81b1, com.almasb.fxgl.entity.level.tiled.TiledObject@2c4cbdf5, com.almasb.fxgl.entity.level.tiled.TiledObject@5a60b049, com.almasb.fxgl.entity.level.tiled.TiledObject@2d16a285, com.almasb.fxgl.entity.level.tiled.TiledObject@7e453e9f, com.almasb.fxgl.entity.level.tiled.TiledObject@372f87b7, com.almasb.fxgl.entity.level.tiled.TiledObject@68128be3, com.almasb.fxgl.entity.level.tiled.TiledObject@70080eee, com.almasb.fxgl.entity.level.tiled.TiledObject@27ee77b6, com.almasb.fxgl.entity.level.tiled.TiledObject@6c375ec3, com.almasb.fxgl.entity.level.tiled.TiledObject@10869d35, com.almasb.fxgl.entity.level.tiled.TiledObject@20c99eb5, com.almasb.fxgl.entity.level.tiled.TiledObject@74ce0edd, com.almasb.fxgl.entity.level.tiled.TiledObject@225987c1, com.almasb.fxgl.entity.level.tiled.TiledObject@612d98a, com.almasb.fxgl.entity.level.tiled.TiledObject@6a42d3cb, com.almasb.fxgl.entity.level.tiled.TiledObject@6efe80b8, com.almasb.fxgl.entity.level.tiled.TiledObject@776529, com.almasb.fxgl.entity.level.tiled.TiledObject@10392224, com.almasb.fxgl.entity.level.tiled.TiledObject@6c997763, com.almasb.fxgl.entity.level.tiled.TiledObject@76f8c108, com.almasb.fxgl.entity.level.tiled.TiledObject@4d9dacd3, com.almasb.fxgl.entity.level.tiled.TiledObject@146c9f46, com.almasb.fxgl.entity.level.tiled.TiledObject@33e9d0c7, com.almasb.fxgl.entity.level.tiled.TiledObject@329b733], opacity=0.0, draworder=)], tilesets=[], backgroundcolor=, renderorder=right-down, nextobjectid=567, version=1, tiledversion=1.3.1, type=map, infinite=false, properties={}, propertytypes={})
19:11:43.157 [FXGL Background Thread 1 ] DEBUG TMXLevelLoader       - Creating tile layer entities
19:11:43.157 [FXGL Background Thread 1 ] DEBUG TMXLevelLoader       - Creating object layer entities
19:11:43.195 [FXGL Background Thread 1 ] DEBUG AssetLoader          - Loading from file system: /assets/textures/robot/robot64.png
19:11:43.199 [FXGL Background Thread 1 ] DEBUG AssetLoader          - Loading from cache: /assets/textures/robot/robot64.png
19:11:43.202 [FXGL Background Thread 1 ] DEBUG AssetLoader          - Loading from cache: /assets/textures/robot/robot64.png
19:11:43.204 [FXGL Background Thread 1 ] DEBUG AssetLoader          - Loading from cache: /assets/textures/robot/robot64.png
19:11:43.206 [FXGL Background Thread 1 ] DEBUG AssetLoader          - Loading from cache: /assets/textures/robot/robot64.png
19:11:43.208 [FXGL Background Thread 1 ] DEBUG AssetLoader          - Loading from cache: /assets/textures/robot/robot64.png
19:11:43.211 [FXGL Background Thread 1 ] DEBUG AssetLoader          - Loading from cache: /assets/textures/robot/robot64.png
19:11:43.213 [FXGL Background Thread 1 ] DEBUG AssetLoader          - Loading from cache: /assets/textures/robot/robot64.png
19:11:43.215 [FXGL Background Thread 1 ] DEBUG AssetLoader          - Loading from cache: /assets/textures/robot/robot64.png
19:11:43.217 [FXGL Background Thread 1 ] DEBUG AssetLoader          - Loading from cache: /assets/textures/robot/robot64.png
19:11:43.219 [FXGL Background Thread 1 ] DEBUG AssetLoader          - Loading from cache: /assets/textures/robot/robot64.png
19:11:43.221 [FXGL Background Thread 1 ] DEBUG AssetLoader          - Loading from cache: /assets/textures/robot/robot64.png
19:11:43.223 [FXGL Background Thread 1 ] DEBUG AssetLoader          - Loading from cache: /assets/textures/robot/robot64.png
19:11:43.225 [FXGL Background Thread 1 ] DEBUG AssetLoader          - Loading from cache: /assets/textures/robot/robot64.png
19:11:43.227 [FXGL Background Thread 1 ] DEBUG AssetLoader          - Loading from cache: /assets/textures/robot/robot64.png
19:11:43.230 [FXGL Background Thread 1 ] DEBUG AssetLoader          - Loading from cache: /assets/textures/robot/robot64.png
19:11:43.232 [FXGL Background Thread 1 ] DEBUG AssetLoader          - Loading from cache: /assets/textures/robot/robot64.png
19:11:43.233 [FXGL Background Thread 1 ] DEBUG AssetLoader          - Loading from cache: /assets/textures/robot/robot64.png
19:11:43.235 [FXGL Background Thread 1 ] DEBUG AssetLoader          - Loading from cache: /assets/textures/robot/robot64.png
19:11:43.237 [FXGL Background Thread 1 ] DEBUG AssetLoader          - Loading from cache: /assets/textures/robot/robot64.png
19:11:43.239 [FXGL Background Thread 1 ] DEBUG AssetLoader          - Loading from cache: /assets/textures/robot/robot64.png
19:11:43.241 [FXGL Background Thread 1 ] DEBUG AssetLoader          - Loading from cache: /assets/textures/robot/robot64.png
19:11:43.243 [FXGL Background Thread 1 ] DEBUG AssetLoader          - Loading from cache: /assets/textures/robot/robot64.png
19:11:43.245 [FXGL Background Thread 1 ] DEBUG AssetLoader          - Loading from cache: /assets/textures/robot/robot64.png
19:11:43.246 [FXGL Background Thread 1 ] DEBUG AssetLoader          - Loading from cache: /assets/textures/robot/robot64.png
19:11:43.248 [FXGL Background Thread 1 ] DEBUG AssetLoader          - Loading from cache: /assets/textures/robot/robot64.png
19:11:43.250 [FXGL Background Thread 1 ] DEBUG AssetLoader          - Loading from cache: /assets/textures/robot/robot64.png
19:11:43.252 [FXGL Background Thread 1 ] DEBUG AssetLoader          - Loading from cache: /assets/textures/robot/robot64.png
19:11:43.254 [FXGL Background Thread 1 ] DEBUG AssetLoader          - Loading from cache: /assets/textures/robot/robot64.png
19:11:43.255 [FXGL Background Thread 1 ] DEBUG AssetLoader          - Loading from cache: /assets/textures/robot/robot64.png
19:11:43.257 [FXGL Background Thread 1 ] DEBUG AssetLoader          - Loading from cache: /assets/textures/robot/robot64.png
19:11:43.259 [FXGL Background Thread 1 ] DEBUG AssetLoader          - Loading from cache: /assets/textures/robot/robot64.png
19:11:43.260 [FXGL Background Thread 1 ] DEBUG AssetLoader          - Loading from cache: /assets/textures/robot/robot64.png
19:11:43.262 [FXGL Background Thread 1 ] DEBUG AssetLoader          - Loading from cache: /assets/textures/robot/robot64.png
19:11:43.264 [FXGL Background Thread 1 ] DEBUG AssetLoader          - Loading from cache: /assets/textures/robot/robot64.png
19:11:43.265 [FXGL Background Thread 1 ] DEBUG AssetLoader          - Loading from cache: /assets/textures/robot/robot64.png
19:11:43.267 [FXGL Background Thread 1 ] DEBUG AssetLoader          - Loading from cache: /assets/textures/robot/robot64.png
19:11:43.268 [FXGL Background Thread 1 ] DEBUG AssetLoader          - Loading from cache: /assets/textures/robot/robot64.png
19:11:43.270 [FXGL Background Thread 1 ] DEBUG AssetLoader          - Loading from cache: /assets/textures/robot/robot64.png
19:11:43.271 [FXGL Background Thread 1 ] DEBUG AssetLoader          - Loading from cache: /assets/textures/robot/robot64.png
19:11:43.273 [FXGL Background Thread 1 ] DEBUG AssetLoader          - Loading from cache: /assets/textures/robot/robot64.png
19:11:43.275 [FXGL Background Thread 1 ] DEBUG AssetLoader          - Loading from cache: /assets/textures/robot/robot64.png
19:11:43.276 [FXGL Background Thread 1 ] DEBUG AssetLoader          - Loading from cache: /assets/textures/robot/robot64.png
19:11:43.278 [FXGL Background Thread 1 ] DEBUG AssetLoader          - Loading from cache: /assets/textures/robot/robot64.png
19:11:43.279 [FXGL Background Thread 1 ] DEBUG AssetLoader          - Loading from cache: /assets/textures/robot/robot64.png
19:11:43.281 [FXGL Background Thread 1 ] DEBUG AssetLoader          - Loading from cache: /assets/textures/robot/robot64.png
19:11:43.282 [FXGL Background Thread 1 ] DEBUG AssetLoader          - Loading from cache: /assets/textures/robot/robot64.png
19:11:43.284 [FXGL Background Thread 1 ] DEBUG AssetLoader          - Loading from cache: /assets/textures/robot/robot64.png
19:11:43.285 [FXGL Background Thread 1 ] DEBUG AssetLoader          - Loading from cache: /assets/textures/robot/robot64.png
19:11:43.287 [FXGL Background Thread 1 ] DEBUG AssetLoader          - Loading from cache: /assets/textures/robot/robot64.png
19:11:43.289 [FXGL Background Thread 1 ] DEBUG AssetLoader          - Loading from cache: /assets/textures/robot/robot64.png
19:11:43.290 [FXGL Background Thread 1 ] DEBUG AssetLoader          - Loading from cache: /assets/textures/robot/robot64.png
19:11:43.291 [FXGL Background Thread 1 ] DEBUG AssetLoader          - Loading from cache: /assets/textures/robot/robot64.png
19:11:43.294 [FXGL Background Thread 1 ] DEBUG AssetLoader          - Loading from file system: /assets/textures/knight/KnightIdle.png
19:11:43.295 [FXGL Background Thread 1 ] DEBUG AssetLoader          - Loading from file system: /assets/textures/knight/KnightRun.png
19:11:43.304 [FXGL Background Thread 1 ] DEBUG AssetLoader          - Loading from cache: /assets/textures/robot/robot64.png
19:11:43.308 [FXGL Background Thread 1 ] DEBUG AssetLoader          - Loading from cache: /assets/textures/robot/robot64.png
19:11:43.309 [FXGL Background Thread 1 ] DEBUG AssetLoader          - Loading from cache: /assets/textures/robot/robot64.png
19:11:43.311 [FXGL Background Thread 1 ] DEBUG AssetLoader          - Loading from cache: /assets/textures/robot/robot64.png
19:11:43.312 [FXGL Background Thread 1 ] DEBUG AssetLoader          - Loading from cache: /assets/textures/robot/robot64.png
19:11:43.313 [FXGL Background Thread 1 ] DEBUG AssetLoader          - Loading from cache: /assets/textures/robot/robot64.png
19:11:43.315 [FXGL Background Thread 1 ] DEBUG AssetLoader          - Loading from cache: /assets/textures/robot/robot64.png
19:11:43.316 [FXGL Background Thread 1 ] DEBUG AssetLoader          - Loading from cache: /assets/textures/robot/robot64.png
19:11:43.319 [FXGL Background Thread 1 ] DEBUG AssetLoader          - Loading from cache: /assets/textures/robot/robot64.png
19:11:43.320 [FXGL Background Thread 1 ] DEBUG AssetLoader          - Loading from cache: /assets/textures/robot/robot64.png
19:11:43.321 [FXGL Background Thread 1 ] DEBUG AssetLoader          - Loading from cache: /assets/textures/robot/robot64.png
19:11:43.323 [FXGL Background Thread 1 ] DEBUG AssetLoader          - Loading from cache: /assets/textures/robot/robot64.png
19:11:43.325 [FXGL Background Thread 1 ] DEBUG AssetLoader          - Loading from cache: /assets/textures/robot/robot64.png
19:11:43.326 [FXGL Background Thread 1 ] DEBUG AssetLoader          - Loading from cache: /assets/textures/robot/robot64.png
19:11:43.328 [FXGL Background Thread 1 ] DEBUG AssetLoader          - Loading from cache: /assets/textures/robot/robot64.png
19:11:43.329 [FXGL Background Thread 1 ] DEBUG AssetLoader          - Loading from cache: /assets/textures/robot/robot64.png
19:11:43.335 [FXGL Background Thread 1 ] DEBUG AssetLoader          - Loading from cache: /assets/textures/robot/robot64.png
19:11:43.337 [FXGL Background Thread 1 ] DEBUG AssetLoader          - Loading from cache: /assets/textures/robot/robot64.png
19:11:43.338 [FXGL Background Thread 1 ] DEBUG AssetLoader          - Loading from cache: /assets/textures/robot/robot64.png
19:11:43.339 [FXGL Background Thread 1 ] DEBUG AssetLoader          - Loading from cache: /assets/textures/robot/robot64.png
19:11:43.341 [FXGL Background Thread 1 ] DEBUG AssetLoader          - Loading from cache: /assets/textures/robot/robot64.png
19:11:43.342 [FXGL Background Thread 1 ] DEBUG AssetLoader          - Loading from cache: /assets/textures/robot/robot64.png
19:11:43.343 [FXGL Background Thread 1 ] DEBUG AssetLoader          - Loading from cache: /assets/textures/robot/robot64.png
19:11:43.345 [FXGL Background Thread 1 ] DEBUG AssetLoader          - Loading from cache: /assets/textures/robot/robot64.png
19:11:43.346 [FXGL Background Thread 1 ] DEBUG AssetLoader          - Loading from cache: /assets/textures/robot/robot64.png
19:11:43.347 [FXGL Background Thread 1 ] DEBUG AssetLoader          - Loading from cache: /assets/textures/robot/robot64.png
19:11:43.349 [FXGL Background Thread 1 ] DEBUG AssetLoader          - Loading from cache: /assets/textures/robot/robot64.png
19:11:43.350 [FXGL Background Thread 1 ] DEBUG AssetLoader          - Loading from cache: /assets/textures/robot/robot64.png
19:11:43.352 [FXGL Background Thread 1 ] DEBUG AssetLoader          - Loading from cache: /assets/textures/robot/robot64.png
19:11:43.353 [FXGL Background Thread 1 ] DEBUG AssetLoader          - Loading from cache: /assets/textures/robot/robot64.png
19:11:43.354 [FXGL Background Thread 1 ] DEBUG AssetLoader          - Loading from cache: /assets/textures/robot/robot64.png
19:11:43.356 [FXGL Background Thread 1 ] DEBUG AssetLoader          - Loading from cache: /assets/textures/robot/robot64.png
19:11:43.357 [FXGL Background Thread 1 ] DEBUG AssetLoader          - Loading from cache: /assets/textures/robot/robot64.png
19:11:43.365 [FXGL Background Thread 1 ] DEBUG AssetLoader          - Loading from cache: /assets/textures/robot/robot64.png
19:11:43.372 [FXGL Background Thread 1 ] DEBUG AssetLoader          - Loading from cache: /assets/textures/robot/robot64.png
19:11:43.374 [FXGL Background Thread 1 ] DEBUG AssetLoader          - Loading from cache: /assets/textures/robot/robot64.png
19:11:43.377 [FXGL Background Thread 1 ] DEBUG AssetLoader          - Loading from cache: /assets/textures/robot/robot64.png
19:11:43.379 [FXGL Background Thread 1 ] DEBUG AssetLoader          - Loading from cache: /assets/textures/robot/robot64.png
19:11:43.381 [FXGL Background Thread 1 ] DEBUG AssetLoader          - Loading from cache: /assets/textures/robot/robot64.png
19:11:43.383 [FXGL Background Thread 1 ] DEBUG AssetLoader          - Loading from cache: /assets/textures/robot/robot64.png
19:11:43.386 [FXGL Background Thread 1 ] DEBUG AssetLoader          - Loading from cache: /assets/textures/robot/robot64.png
19:11:43.387 [FXGL Background Thread 1 ] DEBUG GameWorld            - Clearing removable entities
19:11:43.387 [FXGL Background Thread 1 ] DEBUG GameWorld            - Setting level: com.almasb.fxgl.entity.level.Level@1cd272f5
19:11:43.421 [FXGL Background Thread 1 ] DEBUG AssetLoader          - Loading from file system: /assets/textures/background/Background5760.png
19:11:43.846 [FXGL Background Thread 1 ] DEBUG AssetLoader          - Loading from file system: /assets/textures/background/UpperBackground5760.png
19:11:44.058 [FXGL Background Thread 1 ] DEBUG InitAppTask          - Initializing Physics
19:11:44.059 [FXGL Background Thread 1 ] DEBUG InitAppTask          - Initializing UI
19:11:44.059 [FXGL Background Thread 1 ] DEBUG InitAppTask          - Initialization Complete
19:11:44.060 [FXGL Background Thread 1 ] INFO  InitAppTask          - Game initialization took: 0,975 sec
19:11:44.070 [JavaFX Application Thread] DEBUG Input                - Clearing active input actions
19:11:44.126 [JavaFX Application Thread] DEBUG Engine               - Removing overlay from LoadingScene and adding to GameScene
19:11:44.126 [JavaFX Application Thread] DEBUG MainWindow           - LoadingScene -> GameScene
19:11:52.621 [JavaFX Application Thread] DEBUG Engine               - Exiting FXGL
19:11:52.621 [JavaFX Application Thread] DEBUG Engine               - Shutting down background threads
19:11:52.621 [JavaFX Application Thread] DEBUG Engine               - Saving FXGL system data
19:11:52.623 [JavaFX Application Thread] DEBUG FSServiceImpl        - Writing to: D:\_Projekty\Java\TheGame\BioTechGame\system\fxgl.bundle
19:11:52.624 [JavaFX Application Thread] DEBUG Engine               - Closing logger and exiting JavaFX
